Log file open, 03/07/22 17:43:23
LogWindows: Failed to load 'aqProf.dll' (GetLastError=126)
LogWindows: File 'aqProf.dll' does not exist
LogWindows: Failed to load 'VtuneApi.dll' (GetLastError=126)
LogWindows: File 'VtuneApi.dll' does not exist
LogWindows: Failed to load 'VtuneApi32e.dll' (GetLastError=126)
LogWindows: File 'VtuneApi32e.dll' does not exist
LogConsoleResponse: Display: Failed to find resolution value strings in scalability ini. Falling back to default.
LogConsoleResponse: Display: Failed to find resolution value strings in scalability ini. Falling back to default.
LogInit: Display: Running engine for game: CS498_MP2
LogPlatformFile: Not using cached read wrapper
LogTaskGraph: Started task graph with 5 named threads and 23 total threads with 3 sets of task threads.
LogStats: Stats thread started at 0.396863
LogICUInternationalization: ICU TimeZone Detection - Raw Offset: -6:00, Platform Override: ''
LogInit: Display: Loading text-based GConfig....
LogPluginManager: Mounting plugin MeshPainting
LogPluginManager: Mounting plugin XGEController
LogPluginManager: Mounting plugin Paper2D
LogPluginManager: Mounting plugin EnvironmentQueryEditor
LogPluginManager: Mounting plugin AISupport
LogPluginManager: Mounting plugin LiveLink
LogPluginManager: Mounting plugin CameraShakePreviewer
LogPluginManager: Mounting plugin LightPropagationVolume
LogPluginManager: Mounting plugin GameplayCameras
LogPluginManager: Mounting plugin OodleData
LogPluginManager: Mounting plugin OodleNetwork
LogPluginManager: Mounting plugin AnimationSharing
LogPluginManager: Mounting plugin CLionSourceCodeAccess
LogPluginManager: Mounting plugin CodeLiteSourceCodeAccess
LogPluginManager: Mounting plugin GitSourceControl
LogPluginManager: Mounting plugin KDevelopSourceCodeAccess
LogPluginManager: Mounting plugin NullSourceCodeAccess
LogPluginManager: Mounting plugin PerforceSourceControl
LogPluginManager: Mounting plugin AssetManagerEditor
LogPluginManager: Mounting plugin PixWinPlugin
LogPluginManager: Mounting plugin PlasticSourceControl
LogPluginManager: Mounting plugin PluginUtils
LogPluginManager: Mounting plugin PropertyAccessNode
LogPluginManager: Mounting plugin CryptoKeys
LogPluginManager: Mounting plugin CurveEditorTools
LogPluginManager: Mounting plugin RiderSourceCodeAccess
LogPluginManager: Mounting plugin EditorScriptingUtilities
LogPluginManager: Mounting plugin DataValidation
LogPluginManager: Mounting plugin SubversionSourceControl
LogPluginManager: Mounting plugin FacialAnimation
LogPluginManager: Mounting plugin TextureFormatOodle
LogPluginManager: Mounting plugin UObjectPlugin
LogPluginManager: Mounting plugin GameplayTagsEditor
LogPluginManager: Mounting plugin GeometryMode
LogPluginManager: Mounting plugin DatasmithContent
LogPluginManager: Mounting plugin VisualStudioCodeSourceCodeAccess
LogPluginManager: Mounting plugin VisualStudioSourceCodeAccess
LogPluginManager: Mounting plugin XCodeSourceCodeAccess
LogPluginManager: Mounting plugin MacGraphicsSwitching
LogPluginManager: Mounting plugin MaterialAnalyzer
LogPluginManager: Mounting plugin MobileLauncherProfileWizard
LogPluginManager: Mounting plugin PluginBrowser
LogPluginManager: Mounting plugin VariantManagerContent
LogPluginManager: Mounting plugin SpeedTreeImporter
LogPluginManager: Mounting plugin StylusInput
LogPluginManager: Mounting plugin Niagara
LogPluginManager: Mounting plugin AlembicImporter
LogPluginManager: Mounting plugin AutomationUtils
LogPluginManager: Mounting plugin BackChannel
LogPluginManager: Mounting plugin ChaosCloth
LogPluginManager: Mounting plugin ChaosClothEditor
LogPluginManager: Mounting plugin ChaosEditor
LogPluginManager: Mounting plugin ChaosNiagara
LogPluginManager: Mounting plugin ChaosSolverPlugin
LogPluginManager: Mounting plugin CharacterAI
LogPluginManager: Mounting plugin GeometryCache
LogPluginManager: Mounting plugin GeometryCollectionPlugin
LogPluginManager: Mounting plugin GeometryProcessing
LogPluginManager: Mounting plugin MeshModelingToolset
LogPluginManager: Mounting plugin ModelingToolsEditorMode
LogPluginManager: Mounting plugin MotoSynth
LogPluginManager: Mounting plugin OpenImageDenoise
LogPluginManager: Mounting plugin PlanarCut
LogPluginManager: Mounting plugin PlatformCrypto
LogPluginManager: Mounting plugin ProxyLODPlugin
LogPluginManager: Mounting plugin PythonScriptPlugin
LogPluginManager: Mounting plugin SkeletalReduction
LogPluginManager: Mounting plugin LuminPlatformFeatures
LogPluginManager: Mounting plugin MagicLeap
LogPluginManager: Mounting plugin MagicLeapLightEstimation
LogPluginManager: Mounting plugin MagicLeapMedia
LogPluginManager: Mounting plugin MagicLeapPassableWorld
LogPluginManager: Mounting plugin MLSDK
LogPluginManager: Mounting plugin AndroidMedia
LogPluginManager: Mounting plugin AvfMedia
LogPluginManager: Mounting plugin ImgMedia
LogPluginManager: Mounting plugin MediaCompositing
LogPluginManager: Mounting plugin MediaPlayerEditor
LogPluginManager: Mounting plugin WebMMedia
LogPluginManager: Mounting plugin WmfMedia
LogPluginManager: Mounting plugin TcpMessaging
LogPluginManager: Mounting plugin UdpMessaging
LogPluginManager: Mounting plugin ActorSequence
LogPluginManager: Mounting plugin MatineeToLevelSequence
LogPluginManager: Mounting plugin LevelSequenceEditor
LogPluginManager: Mounting plugin TemplateSequence
LogPluginManager: Mounting plugin OnlineSubsystem
LogPluginManager: Mounting plugin OnlineSubsystemNull
LogPluginManager: Mounting plugin OnlineSubsystemUtils
LogPluginManager: Mounting plugin ActorLayerUtilities
LogPluginManager: Mounting plugin AndroidDeviceProfileSelector
LogPluginManager: Mounting plugin AndroidMoviePlayer
LogPluginManager: Mounting plugin AndroidPermission
LogPluginManager: Mounting plugin AppleImageUtils
LogPluginManager: Mounting plugin AppleMoviePlayer
LogPluginManager: Mounting plugin ArchVisCharacter
LogPluginManager: Mounting plugin AssetTags
LogPluginManager: Mounting plugin AudioCapture
LogPluginManager: Mounting plugin AudioSynesthesia
LogPluginManager: Mounting plugin ChunkDownloader
LogPluginManager: Mounting plugin CustomMeshComponent
LogPluginManager: Mounting plugin CableComponent
LogPluginManager: Mounting plugin EditableMesh
LogPluginManager: Mounting plugin ExampleDeviceProfileSelector
LogPluginManager: Mounting plugin GoogleCloudMessaging
LogPluginManager: Mounting plugin GooglePAD
LogPluginManager: Mounting plugin HairStrands
LogPluginManager: Mounting plugin LauncherChunkInstaller
LogPluginManager: Mounting plugin ScreenshotTools
LogPluginManager: Mounting plugin IOSDeviceProfileSelector
LogPluginManager: Mounting plugin LinuxDeviceProfileSelector
LogPluginManager: Mounting plugin LocationServicesBPLibrary
LogPluginManager: Mounting plugin MobilePatchingUtils
LogPluginManager: Mounting plugin OpenXR
LogPluginManager: Mounting plugin OpenXREyeTracker
LogPluginManager: Mounting plugin OpenXRHandTracking
LogPluginManager: Mounting plugin PhysXVehicles
LogPluginManager: Mounting plugin Takes
LogPluginManager: Mounting plugin PostSplashScreen
LogPluginManager: Mounting plugin ProceduralMeshComponent
LogPluginManager: Mounting plugin PropertyAccessEditor
LogPluginManager: Mounting plugin RuntimePhysXCooking
LogPluginManager: Mounting plugin SignificanceManager
LogPluginManager: Mounting plugin SoundFields
LogPluginManager: Mounting plugin Synthesis
LogPluginManager: Mounting plugin WebMMoviePlayer
LogPluginManager: Mounting plugin WindowsMoviePlayer
LogPluginManager: Mounting plugin ContentBrowserAssetDataSource
LogPluginManager: Mounting plugin ContentBrowserClassDataSource
LogPluginManager: Mounting plugin ContentBrowserFileDataSource
LogPluginManager: Mounting plugin OnlineSubsystemGooglePlay
LogPluginManager: Mounting plugin OnlineSubsystemIOS
LogPluginManager: Mounting plugin OculusVR
PixWinPlugin: PIX capture plugin failed to initialize! Check that the process is launched from PIX.
LogLuminAPIImpl: Warning: MLSDK not found.  This likely means the MLSDK environment variable is not set.
LogInit: Using libcurl 7.55.1-DEV
LogInit:  - built for x86_64-pc-win32
LogInit:  - supports SSL with OpenSSL/1.1.1
LogInit:  - supports HTTP deflate (compression) using libz 1.2.8
LogInit:  - other features:
LogInit:      CURL_VERSION_SSL
LogInit:      CURL_VERSION_LIBZ
LogInit:      CURL_VERSION_IPV6
LogInit:      CURL_VERSION_ASYNCHDNS
LogInit:      CURL_VERSION_LARGEFILE
LogInit:      CURL_VERSION_IDN
LogInit:  CurlRequestOptions (configurable via config and command line):
LogInit:  - bVerifyPeer = true  - Libcurl will verify peer certificate
LogInit:  - bUseHttpProxy = false  - Libcurl will NOT use HTTP proxy
LogInit:  - bDontReuseConnections = false  - Libcurl will reuse connections
LogInit:  - MaxHostConnections = 16  - Libcurl will limit the number of connections to a host
LogInit:  - LocalHostAddr = Default
LogInit:  - BufferSize = 65536
LogOnline: OSS: Creating online subsystem instance for: NULL
LogInit: WinSock: version 1.1 (2.2), MaxSocks=32767, MaxUdp=65467
LogOnline: OSS: TryLoadSubsystemAndSetDefault: Loaded subsystem for module [NULL]
LogOculusPluginWrapper: OculusPlugin initialized successfully
LogHMD: Failed initializing OVRPlugin 1.59.0
LogInit: Build: ++UE4+Release-4.27-CL-18319896
LogInit: Engine Version: 4.27.2-18319896+++UE4+Release-4.27
LogInit: Compatible Engine Version: 4.27.0-17155196+++UE4+Release-4.27
LogInit: Net CL: 17155196
LogInit: OS: Windows 10 (Release 2009) (), CPU: Intel(R) Xeon(R) W-2123 CPU @ 3.60GHz, GPU: NVIDIA GeForce RTX 2080 Ti
LogInit: Compiled (64-bit): Nov 30 2021 07:12:08
LogInit: Compiled with Visual C++: 19.24.28315.00
LogInit: Build Configuration: Development
LogInit: Branch Name: ++UE4+Release-4.27
LogInit: Command Line: 
LogInit: Base Directory: C:/Program Files/Epic Games/UE_4.27/Engine/Binaries/Win64/
LogInit: Allocator: TBB
LogInit: Installed Engine Build: 1
LogDevObjectVersion: Number of dev versions registered: 29
LogDevObjectVersion:   Dev-Blueprints (B0D832E4-1F89-4F0D-ACCF-7EB736FD4AA2): 10
LogDevObjectVersion:   Dev-Build (E1C64328-A22C-4D53-A36C-8E866417BD8C): 0
LogDevObjectVersion:   Dev-Core (375EC13C-06E4-48FB-B500-84F0262A717E): 4
LogDevObjectVersion:   Dev-Editor (E4B068ED-F494-42E9-A231-DA0B2E46BB41): 40
LogDevObjectVersion:   Dev-Framework (CFFC743F-43B0-4480-9391-14DF171D2073): 37
LogDevObjectVersion:   Dev-Mobile (B02B49B5-BB20-44E9-A304-32B752E40360): 3
LogDevObjectVersion:   Dev-Networking (A4E4105C-59A1-49B5-A7C5-40C4547EDFEE): 0
LogDevObjectVersion:   Dev-Online (39C831C9-5AE6-47DC-9A44-9C173E1C8E7C): 0
LogDevObjectVersion:   Dev-Physics (78F01B33-EBEA-4F98-B9B4-84EACCB95AA2): 14
LogDevObjectVersion:   Dev-Platform (6631380F-2D4D-43E0-8009-CF276956A95A): 0
LogDevObjectVersion:   Dev-Rendering (12F88B9F-8875-4AFC-A67C-D90C383ABD29): 45
LogDevObjectVersion:   Dev-Sequencer (7B5AE74C-D270-4C10-A958-57980B212A5A): 13
LogDevObjectVersion:   Dev-VR (D7296918-1DD6-4BDD-9DE2-64A83CC13884): 3
LogDevObjectVersion:   Dev-LoadTimes (C2A15278-BFE7-4AFE-6C17-90FF531DF755): 1
LogDevObjectVersion:   Private-Geometry (6EACA3D4-40EC-4CC1-B786-8BED09428FC5): 3
LogDevObjectVersion:   Dev-AnimPhys (29E575DD-E0A3-4627-9D10-D276232CDCEA): 17
LogDevObjectVersion:   Dev-Anim (AF43A65D-7FD3-4947-9873-3E8ED9C1BB05): 15
LogDevObjectVersion:   Dev-ReflectionCapture (6B266CEC-1EC7-4B8F-A30B-E4D90942FC07): 1
LogDevObjectVersion:   Dev-Automation (0DF73D61-A23F-47EA-B727-89E90C41499A): 1
LogDevObjectVersion:   FortniteMain (601D1886-AC64-4F84-AA16-D3DE0DEAC7D6): 47
LogDevObjectVersion:   FortniteRelease (E7086368-6B23-4C58-8439-1B7016265E91): 1
LogDevObjectVersion:   Dev-Enterprise (9DFFBCD6-494F-0158-E221-12823C92A888): 10
LogDevObjectVersion:   Dev-Niagara (F2AED0AC-9AFE-416F-8664-AA7FFA26D6FC): 1
LogDevObjectVersion:   Dev-Destruction (174F1F0B-B4C6-45A5-B13F-2EE8D0FB917D): 10
LogDevObjectVersion:   Dev-Physics-Ext (35F94A83-E258-406C-A318-09F59610247C): 41
LogDevObjectVersion:   Dev-PhysicsMaterial-Chaos (B68FC16E-8B1B-42E2-B453-215C058844FE): 1
LogDevObjectVersion:   Dev-CineCamera (B2E18506-4273-CFC2-A54E-F4BB758BBA07): 1
LogDevObjectVersion:   Dev-VirtualProduction (64F58936-FD1B-42BA-BA96-7289D5D0FA4E): 1
LogDevObjectVersion:   Dev-MediaFramework (6F0ED827-A609-4895-9C91-998D90180EA4): 2
LogInit: Presizing for max 25165824 objects, including 0 objects not considered by GC, pre-allocating 0 bytes for permanent pool.
LogConfig: Applying CVar settings from Section [/Script/Engine.StreamingSettings] File [C:/Users/jling6/Desktop/CS498_MP2/Saved/Config/Windows/Engine.ini]
LogConfig: Setting CVar [[s.MinBulkDataSizeForAsyncLoading:131072]]
LogConfig: Setting CVar [[s.AsyncLoadingThreadEnabled:0]]
LogConfig: Setting CVar [[s.EventDrivenLoaderEnabled:1]]
LogConfig: Setting CVar [[s.WarnIfTimeLimitExceeded:0]]
LogConfig: Setting CVar [[s.TimeLimitExceededMultiplier:1.5]]
LogConfig: Setting CVar [[s.TimeLimitExceededMinTime:0.005]]
LogConfig: Setting CVar [[s.UseBackgroundLevelStreaming:1]]
LogConfig: Setting CVar [[s.PriorityAsyncLoadingExtraTime:15.0]]
LogConfig: Setting CVar [[s.LevelStreamingActorsUpdateTimeLimit:5.0]]
LogConfig: Setting CVar [[s.PriorityLevelStreamingActorsUpdateExtraTime:5.0]]
LogConfig: Setting CVar [[s.LevelStreamingComponentsRegistrationGranularity:10]]
LogConfig: Setting CVar [[s.UnregisterComponentsTimeLimit:1.0]]
LogConfig: Setting CVar [[s.LevelStreamingComponentsUnregistrationGranularity:5]]
LogConfig: Setting CVar [[s.FlushStreamingOnExit:1]]
LogInit: Object subsystem initialized
LogConfig: Setting CVar [[con.DebugEarlyDefault:1]]
LogConfig: Setting CVar [[r.setres:1280x720]]
LogConfig: Setting CVar [[fx.NiagaraAllowRuntimeScalabilityChanges:1]]
[2022.03.07-23.43.25:018][  0]LogConfig: Setting CVar [[r.VSync:0]]
[2022.03.07-23.43.25:018][  0]LogConfig: Setting CVar [[r.RHICmdBypass:0]]
[2022.03.07-23.43.25:018][  0]LogConfig: Applying CVar settings from Section [/Script/Engine.RendererSettings] File [C:/Users/jling6/Desktop/CS498_MP2/Saved/Config/Windows/Engine.ini]
[2022.03.07-23.43.25:018][  0]LogConfig: Setting CVar [[r.GPUCrashDebugging:0]]
[2022.03.07-23.43.25:018][  0]LogConfig: Setting CVar [[r.MobileMSAA:4]]
[2022.03.07-23.43.25:018][  0]LogConfig: Setting CVar [[r.Mobile.AmbientOcclusion:1]]
[2022.03.07-23.43.25:018][  0]LogConfig: Setting CVar [[r.GenerateMeshDistanceFields:1]]
[2022.03.07-23.43.25:018][  0]LogConfig: Setting CVar [[r.SSGI.Enable:1]]
[2022.03.07-23.43.25:018][  0]LogConfig: Setting CVar [[r.SupportAtmosphericFog:0]]
[2022.03.07-23.43.25:018][  0]LogConfig: Setting CVar [[r.SupportSkyAtmosphereAffectsHeightFog:1]]
[2022.03.07-23.43.25:018][  0]LogConfig: Applying CVar settings from Section [/Script/Engine.RendererOverrideSettings] File [C:/Users/jling6/Desktop/CS498_MP2/Saved/Config/Windows/Engine.ini]
[2022.03.07-23.43.25:018][  0]LogConfig: Applying CVar settings from Section [/Script/Engine.StreamingSettings] File [C:/Users/jling6/Desktop/CS498_MP2/Saved/Config/Windows/Engine.ini]
[2022.03.07-23.43.25:018][  0]LogConfig: Setting CVar [[s.MinBulkDataSizeForAsyncLoading:131072]]
[2022.03.07-23.43.25:018][  0]LogConfig: Setting CVar [[s.AsyncLoadingThreadEnabled:0]]
[2022.03.07-23.43.25:019][  0]LogConfig: Setting CVar [[s.EventDrivenLoaderEnabled:1]]
[2022.03.07-23.43.25:019][  0]LogConfig: Setting CVar [[s.WarnIfTimeLimitExceeded:0]]
[2022.03.07-23.43.25:019][  0]LogConfig: Setting CVar [[s.TimeLimitExceededMultiplier:1.5]]
[2022.03.07-23.43.25:019][  0]LogConfig: Setting CVar [[s.TimeLimitExceededMinTime:0.005]]
[2022.03.07-23.43.25:019][  0]LogConfig: Setting CVar [[s.UseBackgroundLevelStreaming:1]]
[2022.03.07-23.43.25:019][  0]LogConfig: Setting CVar [[s.PriorityAsyncLoadingExtraTime:15.0]]
[2022.03.07-23.43.25:019][  0]LogConfig: Setting CVar [[s.LevelStreamingActorsUpdateTimeLimit:5.0]]
[2022.03.07-23.43.25:019][  0]LogConfig: Setting CVar [[s.PriorityLevelStreamingActorsUpdateExtraTime:5.0]]
[2022.03.07-23.43.25:019][  0]LogConfig: Setting CVar [[s.LevelStreamingComponentsRegistrationGranularity:10]]
[2022.03.07-23.43.25:019][  0]LogConfig: Setting CVar [[s.UnregisterComponentsTimeLimit:1.0]]
[2022.03.07-23.43.25:019][  0]LogConfig: Setting CVar [[s.LevelStreamingComponentsUnregistrationGranularity:5]]
[2022.03.07-23.43.25:019][  0]LogConfig: Setting CVar [[s.FlushStreamingOnExit:1]]
[2022.03.07-23.43.25:019][  0]LogConfig: Applying CVar settings from Section [/Script/Engine.GarbageCollectionSettings] File [C:/Users/jling6/Desktop/CS498_MP2/Saved/Config/Windows/Engine.ini]
[2022.03.07-23.43.25:019][  0]LogConfig: Setting CVar [[gc.MaxObjectsNotConsideredByGC:1]]
[2022.03.07-23.43.25:019][  0]LogConfig: Setting CVar [[gc.SizeOfPermanentObjectPool:0]]
[2022.03.07-23.43.25:019][  0]LogConfig: Setting CVar [[gc.FlushStreamingOnGC:0]]
[2022.03.07-23.43.25:019][  0]LogConfig: Setting CVar [[gc.NumRetriesBeforeForcingGC:10]]
[2022.03.07-23.43.25:019][  0]LogConfig: Setting CVar [[gc.AllowParallelGC:1]]
[2022.03.07-23.43.25:019][  0]LogConfig: Setting CVar [[gc.TimeBetweenPurgingPendingKillObjects:61.1]]
[2022.03.07-23.43.25:019][  0]LogConfig: Setting CVar [[gc.MaxObjectsInEditor:25165824]]
[2022.03.07-23.43.25:019][  0]LogConfig: Setting CVar [[gc.IncrementalBeginDestroyEnabled:1]]
[2022.03.07-23.43.25:019][  0]LogConfig: Setting CVar [[gc.CreateGCClusters:1]]
[2022.03.07-23.43.25:019][  0]LogConfig: Setting CVar [[gc.MinGCClusterSize:5]]
[2022.03.07-23.43.25:019][  0]LogConfig: Setting CVar [[gc.ActorClusteringEnabled:0]]
[2022.03.07-23.43.25:019][  0]LogConfig: Setting CVar [[gc.BlueprintClusteringEnabled:0]]
[2022.03.07-23.43.25:019][  0]LogConfig: Setting CVar [[gc.UseDisregardForGCOnDedicatedServers:0]]
[2022.03.07-23.43.25:019][  0]LogConfig: Setting CVar [[gc.MultithreadedDestructionEnabled:1]]
[2022.03.07-23.43.25:019][  0]LogConfig: Applying CVar settings from Section [/Script/Engine.NetworkSettings] File [C:/Users/jling6/Desktop/CS498_MP2/Saved/Config/Windows/Engine.ini]
[2022.03.07-23.43.25:019][  0]LogConfig: Applying CVar settings from Section [/Script/UnrealEd.CookerSettings] File [C:/Users/jling6/Desktop/CS498_MP2/Saved/Config/Windows/Engine.ini]
[2022.03.07-23.43.25:029][  0]LogConfig: Applying CVar settings from Section [ViewDistanceQuality@3] File [C:/Users/jling6/Desktop/CS498_MP2/Saved/Config/Windows/Scalability.ini]
[2022.03.07-23.43.25:029][  0]LogConfig: Setting CVar [[r.SkeletalMeshLODBias:0]]
[2022.03.07-23.43.25:029][  0]LogConfig: Setting CVar [[r.ViewDistanceScale:1.0]]
[2022.03.07-23.43.25:029][  0]LogConfig: Applying CVar settings from Section [AntiAliasingQuality@3] File [C:/Users/jling6/Desktop/CS498_MP2/Saved/Config/Windows/Scalability.ini]
[2022.03.07-23.43.25:029][  0]LogConfig: Setting CVar [[r.PostProcessAAQuality:4]]
[2022.03.07-23.43.25:029][  0]LogConfig: Applying CVar settings from Section [ShadowQuality@3] File [C:/Users/jling6/Desktop/CS498_MP2/Saved/Config/Windows/Scalability.ini]
[2022.03.07-23.43.25:029][  0]LogConfig: Setting CVar [[r.LightFunctionQuality:1]]
[2022.03.07-23.43.25:029][  0]LogConfig: Setting CVar [[r.ShadowQuality:5]]
[2022.03.07-23.43.25:029][  0]LogConfig: Setting CVar [[r.Shadow.CSM.MaxCascades:10]]
[2022.03.07-23.43.25:029][  0]LogConfig: Setting CVar [[r.Shadow.MaxResolution:2048]]
[2022.03.07-23.43.25:029][  0]LogConfig: Setting CVar [[r.Shadow.MaxCSMResolution:2048]]
[2022.03.07-23.43.25:029][  0]LogConfig: Setting CVar [[r.Shadow.RadiusThreshold:0.01]]
[2022.03.07-23.43.25:029][  0]LogConfig: Setting CVar [[r.Shadow.DistanceScale:1.0]]
[2022.03.07-23.43.25:029][  0]LogConfig: Setting CVar [[r.Shadow.CSM.TransitionScale:1.0]]
[2022.03.07-23.43.25:029][  0]LogConfig: Setting CVar [[r.Shadow.PreShadowResolutionFactor:1.0]]
[2022.03.07-23.43.25:029][  0]LogConfig: Setting CVar [[r.DistanceFieldShadowing:1]]
[2022.03.07-23.43.25:029][  0]LogConfig: Setting CVar [[r.DistanceFieldAO:1]]
[2022.03.07-23.43.25:029][  0]LogConfig: Setting CVar [[r.AOQuality:2]]
[2022.03.07-23.43.25:029][  0]LogConfig: Setting CVar [[r.VolumetricFog:1]]
[2022.03.07-23.43.25:029][  0]LogConfig: Setting CVar [[r.VolumetricFog.GridPixelSize:8]]
[2022.03.07-23.43.25:029][  0]LogConfig: Setting CVar [[r.VolumetricFog.GridSizeZ:128]]
[2022.03.07-23.43.25:029][  0]LogConfig: Setting CVar [[r.VolumetricFog.HistoryMissSupersampleCount:4]]
[2022.03.07-23.43.25:029][  0]LogConfig: Setting CVar [[r.LightMaxDrawDistanceScale:1]]
[2022.03.07-23.43.25:029][  0]LogConfig: Setting CVar [[r.CapsuleShadows:1]]
[2022.03.07-23.43.25:029][  0]LogConfig: Applying CVar settings from Section [PostProcessQuality@3] File [C:/Users/jling6/Desktop/CS498_MP2/Saved/Config/Windows/Scalability.ini]
[2022.03.07-23.43.25:029][  0]LogConfig: Setting CVar [[r.MotionBlurQuality:4]]
[2022.03.07-23.43.25:029][  0]LogConfig: Setting CVar [[r.AmbientOcclusionMipLevelFactor:0.4]]
[2022.03.07-23.43.25:029][  0]LogConfig: Setting CVar [[r.AmbientOcclusionMaxQuality:100]]
[2022.03.07-23.43.25:029][  0]LogConfig: Setting CVar [[r.AmbientOcclusionLevels:-1]]
[2022.03.07-23.43.25:029][  0]LogConfig: Setting CVar [[r.AmbientOcclusionRadiusScale:1.0]]
[2022.03.07-23.43.25:029][  0]LogConfig: Setting CVar [[r.DepthOfFieldQuality:2]]
[2022.03.07-23.43.25:029][  0]LogConfig: Setting CVar [[r.RenderTargetPoolMin:400]]
[2022.03.07-23.43.25:029][  0]LogConfig: Setting CVar [[r.LensFlareQuality:2]]
[2022.03.07-23.43.25:029][  0]LogConfig: Setting CVar [[r.SceneColorFringeQuality:1]]
[2022.03.07-23.43.25:029][  0]LogConfig: Setting CVar [[r.EyeAdaptationQuality:2]]
[2022.03.07-23.43.25:029][  0]LogConfig: Setting CVar [[r.BloomQuality:5]]
[2022.03.07-23.43.25:029][  0]LogConfig: Setting CVar [[r.FastBlurThreshold:100]]
[2022.03.07-23.43.25:029][  0]LogConfig: Setting CVar [[r.Upscale.Quality:3]]
[2022.03.07-23.43.25:029][  0]LogConfig: Setting CVar [[r.Tonemapper.GrainQuantization:1]]
[2022.03.07-23.43.25:029][  0]LogConfig: Setting CVar [[r.LightShaftQuality:1]]
[2022.03.07-23.43.25:029][  0]LogConfig: Setting CVar [[r.Filter.SizeScale:1]]
[2022.03.07-23.43.25:029][  0]LogConfig: Setting CVar [[r.Tonemapper.Quality:5]]
[2022.03.07-23.43.25:029][  0]LogConfig: Setting CVar [[r.DOF.Gather.AccumulatorQuality:1        ; higher gathering accumulator quality]]
[2022.03.07-23.43.25:029][  0]LogConfig: Setting CVar [[r.DOF.Gather.PostfilterMethod:1          ; Median3x3 postfilering method]]
[2022.03.07-23.43.25:029][  0]LogConfig: Setting CVar [[r.DOF.Gather.EnableBokehSettings:0       ; no bokeh simulation when gathering]]
[2022.03.07-23.43.25:029][  0]LogConfig: Setting CVar [[r.DOF.Gather.RingCount:4                 ; medium number of samples when gathering]]
[2022.03.07-23.43.25:029][  0]LogConfig: Setting CVar [[r.DOF.Scatter.ForegroundCompositing:1    ; additive foreground scattering]]
[2022.03.07-23.43.25:029][  0]LogConfig: Setting CVar [[r.DOF.Scatter.BackgroundCompositing:2    ; additive background scattering]]
[2022.03.07-23.43.25:029][  0]LogConfig: Setting CVar [[r.DOF.Scatter.EnableBokehSettings:1      ; bokeh simulation when scattering]]
[2022.03.07-23.43.25:029][  0]LogConfig: Setting CVar [[r.DOF.Scatter.MaxSpriteRatio:0.1         ; only a maximum of 10% of scattered bokeh]]
[2022.03.07-23.43.25:029][  0]LogConfig: Setting CVar [[r.DOF.Recombine.Quality:1                ; cheap slight out of focus]]
[2022.03.07-23.43.25:029][  0]LogConfig: Setting CVar [[r.DOF.Recombine.EnableBokehSettings:0    ; no bokeh simulation on slight out of focus]]
[2022.03.07-23.43.25:029][  0]LogConfig: Setting CVar [[r.DOF.TemporalAAQuality:1                ; more stable temporal accumulation]]
[2022.03.07-23.43.25:029][  0]LogConfig: Setting CVar [[r.DOF.Kernel.MaxForegroundRadius:0.025]]
[2022.03.07-23.43.25:029][  0]LogConfig: Setting CVar [[r.DOF.Kernel.MaxBackgroundRadius:0.025]]
[2022.03.07-23.43.25:029][  0]LogConfig: Applying CVar settings from Section [TextureQuality@3] File [C:/Users/jling6/Desktop/CS498_MP2/Saved/Config/Windows/Scalability.ini]
[2022.03.07-23.43.25:029][  0]LogConfig: Setting CVar [[r.Streaming.MipBias:0]]
[2022.03.07-23.43.25:029][  0]LogConfig: Setting CVar [[r.Streaming.AmortizeCPUToGPUCopy:0]]
[2022.03.07-23.43.25:029][  0]LogConfig: Setting CVar [[r.Streaming.MaxNumTexturesToStreamPerFrame:0]]
[2022.03.07-23.43.25:029][  0]LogConfig: Setting CVar [[r.Streaming.Boost:1]]
[2022.03.07-23.43.25:029][  0]LogConfig: Setting CVar [[r.MaxAnisotropy:8]]
[2022.03.07-23.43.25:029][  0]LogConfig: Setting CVar [[r.VT.MaxAnisotropy:8]]
[2022.03.07-23.43.25:029][  0]LogConfig: Setting CVar [[r.Streaming.LimitPoolSizeToVRAM:0]]
[2022.03.07-23.43.25:029][  0]LogConfig: Setting CVar [[r.Streaming.PoolSize:1000]]
[2022.03.07-23.43.25:029][  0]LogConfig: Setting CVar [[r.Streaming.MaxEffectiveScreenSize:0]]
[2022.03.07-23.43.25:029][  0]LogConfig: Applying CVar settings from Section [EffectsQuality@3] File [C:/Users/jling6/Desktop/CS498_MP2/Saved/Config/Windows/Scalability.ini]
[2022.03.07-23.43.25:029][  0]LogConfig: Setting CVar [[r.TranslucencyLightingVolumeDim:64]]
[2022.03.07-23.43.25:029][  0]LogConfig: Setting CVar [[r.RefractionQuality:2]]
[2022.03.07-23.43.25:029][  0]LogConfig: Setting CVar [[r.SSR.Quality:3]]
[2022.03.07-23.43.25:029][  0]LogConfig: Setting CVar [[r.SSR.HalfResSceneColor:0]]
[2022.03.07-23.43.25:029][  0]LogConfig: Setting CVar [[r.SceneColorFormat:4]]
[2022.03.07-23.43.25:029][  0]LogConfig: Setting CVar [[r.DetailMode:2]]
[2022.03.07-23.43.25:029][  0]LogConfig: Setting CVar [[r.TranslucencyVolumeBlur:1]]
[2022.03.07-23.43.25:029][  0]LogConfig: Setting CVar [[r.MaterialQualityLevel:1 ; High quality]]
[2022.03.07-23.43.25:030][  0]LogConfig: Setting CVar [[r.AnisotropicMaterials:1]]
[2022.03.07-23.43.25:030][  0]LogConfig: Setting CVar [[r.SSS.Scale:1]]
[2022.03.07-23.43.25:030][  0]LogConfig: Setting CVar [[r.SSS.SampleSet:2]]
[2022.03.07-23.43.25:030][  0]LogConfig: Setting CVar [[r.SSS.Quality:1]]
[2022.03.07-23.43.25:030][  0]LogConfig: Setting CVar [[r.SSS.HalfRes:0]]
[2022.03.07-23.43.25:030][  0]LogConfig: Setting CVar [[r.SSGI.Quality:3]]
[2022.03.07-23.43.25:030][  0]LogConfig: Setting CVar [[r.EmitterSpawnRateScale:1.0]]
[2022.03.07-23.43.25:030][  0]LogConfig: Setting CVar [[r.ParticleLightQuality:2]]
[2022.03.07-23.43.25:030][  0]LogConfig: Setting CVar [[r.SkyAtmosphere.AerialPerspectiveLUT.FastApplyOnOpaque:1 ; Always have FastSkyLUT 1 in this case to avoid wrong sky]]
[2022.03.07-23.43.25:030][  0]LogConfig: Setting CVar [[r.SkyAtmosphere.AerialPerspectiveLUT.SampleCountMaxPerSlice:4]]
[2022.03.07-23.43.25:030][  0]LogConfig: Setting CVar [[r.SkyAtmosphere.AerialPerspectiveLUT.DepthResolution:16.0]]
[2022.03.07-23.43.25:030][  0]LogConfig: Setting CVar [[r.SkyAtmosphere.FastSkyLUT:1]]
[2022.03.07-23.43.25:030][  0]LogConfig: Setting CVar [[r.SkyAtmosphere.FastSkyLUT.SampleCountMin:4.0]]
[2022.03.07-23.43.25:030][  0]LogConfig: Setting CVar [[r.SkyAtmosphere.FastSkyLUT.SampleCountMax:128.0]]
[2022.03.07-23.43.25:030][  0]LogConfig: Setting CVar [[r.SkyAtmosphere.SampleCountMin:4.0]]
[2022.03.07-23.43.25:030][  0]LogConfig: Setting CVar [[r.SkyAtmosphere.SampleCountMax:128.0]]
[2022.03.07-23.43.25:030][  0]LogConfig: Setting CVar [[r.SkyAtmosphere.TransmittanceLUT.UseSmallFormat:0]]
[2022.03.07-23.43.25:030][  0]LogConfig: Setting CVar [[r.SkyAtmosphere.TransmittanceLUT.SampleCount:10.0]]
[2022.03.07-23.43.25:030][  0]LogConfig: Setting CVar [[r.SkyAtmosphere.MultiScatteringLUT.SampleCount:15.0]]
[2022.03.07-23.43.25:030][  0]LogConfig: Setting CVar [[r.SkyLight.RealTimeReflectionCapture:1]]
[2022.03.07-23.43.25:030][  0]LogConfig: Setting CVar [[fx.Niagara.QualityLevel:3]]
[2022.03.07-23.43.25:030][  0]LogConfig: Applying CVar settings from Section [FoliageQuality@3] File [C:/Users/jling6/Desktop/CS498_MP2/Saved/Config/Windows/Scalability.ini]
[2022.03.07-23.43.25:030][  0]LogConfig: Setting CVar [[foliage.DensityScale:1.0]]
[2022.03.07-23.43.25:030][  0]LogConfig: Setting CVar [[grass.DensityScale:1.0]]
[2022.03.07-23.43.25:030][  0]LogConfig: Applying CVar settings from Section [ShadingQuality@3] File [C:/Users/jling6/Desktop/CS498_MP2/Saved/Config/Windows/Scalability.ini]
[2022.03.07-23.43.25:030][  0]LogConfig: Setting CVar [[r.HairStrands.SkyLighting.IntegrationType:2]]
[2022.03.07-23.43.25:030][  0]LogConfig: Setting CVar [[r.HairStrands.SkyAO.SampleCount:4]]
[2022.03.07-23.43.25:030][  0]LogConfig: Setting CVar [[r.HairStrands.Visibility.MSAA.SamplePerPixel:4]]
[2022.03.07-23.43.25:030][  0]LogConfig: Setting CVar [[r.HairStrands.Interpolation.UseSingleGuide:0]]
[2022.03.07-23.43.25:030][  0]LogInit: Selected Device Profile: [Windows]
[2022.03.07-23.43.25:030][  0]LogInit: Applying CVar settings loaded from the selected device profile: [Windows]
[2022.03.07-23.43.25:030][  0]LogHAL: Display: Platform has ~ 16 GB [16885571584 / 17179869184 / 16], which maps to Larger [LargestMinGB=32, LargerMinGB=12, DefaultMinGB=8, SmallerMinGB=6, SmallestMinGB=0)
[2022.03.07-23.43.25:030][  0]LogInit: Going up to parent DeviceProfile []
[2022.03.07-23.43.25:030][  0]LogConfig: Applying CVar settings from Section [ViewDistanceQuality@3] File [C:/Users/jling6/Desktop/CS498_MP2/Saved/Config/Windows/Scalability.ini]
[2022.03.07-23.43.25:030][  0]LogConfig: Setting CVar [[r.SkeletalMeshLODBias:0]]
[2022.03.07-23.43.25:030][  0]LogConfig: Setting CVar [[r.ViewDistanceScale:1.0]]
[2022.03.07-23.43.25:030][  0]LogConfig: Applying CVar settings from Section [AntiAliasingQuality@3] File [C:/Users/jling6/Desktop/CS498_MP2/Saved/Config/Windows/Scalability.ini]
[2022.03.07-23.43.25:030][  0]LogConfig: Setting CVar [[r.PostProcessAAQuality:4]]
[2022.03.07-23.43.25:030][  0]LogConfig: Applying CVar settings from Section [ShadowQuality@3] File [C:/Users/jling6/Desktop/CS498_MP2/Saved/Config/Windows/Scalability.ini]
[2022.03.07-23.43.25:030][  0]LogConfig: Setting CVar [[r.LightFunctionQuality:1]]
[2022.03.07-23.43.25:030][  0]LogConfig: Setting CVar [[r.ShadowQuality:5]]
[2022.03.07-23.43.25:030][  0]LogConfig: Setting CVar [[r.Shadow.CSM.MaxCascades:10]]
[2022.03.07-23.43.25:030][  0]LogConfig: Setting CVar [[r.Shadow.MaxResolution:2048]]
[2022.03.07-23.43.25:030][  0]LogConfig: Setting CVar [[r.Shadow.MaxCSMResolution:2048]]
[2022.03.07-23.43.25:030][  0]LogConfig: Setting CVar [[r.Shadow.RadiusThreshold:0.01]]
[2022.03.07-23.43.25:030][  0]LogConfig: Setting CVar [[r.Shadow.DistanceScale:1.0]]
[2022.03.07-23.43.25:030][  0]LogConfig: Setting CVar [[r.Shadow.CSM.TransitionScale:1.0]]
[2022.03.07-23.43.25:030][  0]LogConfig: Setting CVar [[r.Shadow.PreShadowResolutionFactor:1.0]]
[2022.03.07-23.43.25:030][  0]LogConfig: Setting CVar [[r.DistanceFieldShadowing:1]]
[2022.03.07-23.43.25:030][  0]LogConfig: Setting CVar [[r.DistanceFieldAO:1]]
[2022.03.07-23.43.25:030][  0]LogConfig: Setting CVar [[r.AOQuality:2]]
[2022.03.07-23.43.25:030][  0]LogConfig: Setting CVar [[r.VolumetricFog:1]]
[2022.03.07-23.43.25:030][  0]LogConfig: Setting CVar [[r.VolumetricFog.GridPixelSize:8]]
[2022.03.07-23.43.25:030][  0]LogConfig: Setting CVar [[r.VolumetricFog.GridSizeZ:128]]
[2022.03.07-23.43.25:030][  0]LogConfig: Setting CVar [[r.VolumetricFog.HistoryMissSupersampleCount:4]]
[2022.03.07-23.43.25:030][  0]LogConfig: Setting CVar [[r.LightMaxDrawDistanceScale:1]]
[2022.03.07-23.43.25:030][  0]LogConfig: Setting CVar [[r.CapsuleShadows:1]]
[2022.03.07-23.43.25:030][  0]LogConfig: Applying CVar settings from Section [PostProcessQuality@3] File [C:/Users/jling6/Desktop/CS498_MP2/Saved/Config/Windows/Scalability.ini]
[2022.03.07-23.43.25:030][  0]LogConfig: Setting CVar [[r.MotionBlurQuality:4]]
[2022.03.07-23.43.25:030][  0]LogConfig: Setting CVar [[r.AmbientOcclusionMipLevelFactor:0.4]]
[2022.03.07-23.43.25:030][  0]LogConfig: Setting CVar [[r.AmbientOcclusionMaxQuality:100]]
[2022.03.07-23.43.25:030][  0]LogConfig: Setting CVar [[r.AmbientOcclusionLevels:-1]]
[2022.03.07-23.43.25:030][  0]LogConfig: Setting CVar [[r.AmbientOcclusionRadiusScale:1.0]]
[2022.03.07-23.43.25:030][  0]LogConfig: Setting CVar [[r.DepthOfFieldQuality:2]]
[2022.03.07-23.43.25:030][  0]LogConfig: Setting CVar [[r.RenderTargetPoolMin:400]]
[2022.03.07-23.43.25:030][  0]LogConfig: Setting CVar [[r.LensFlareQuality:2]]
[2022.03.07-23.43.25:030][  0]LogConfig: Setting CVar [[r.SceneColorFringeQuality:1]]
[2022.03.07-23.43.25:030][  0]LogConfig: Setting CVar [[r.EyeAdaptationQuality:2]]
[2022.03.07-23.43.25:030][  0]LogConfig: Setting CVar [[r.BloomQuality:5]]
[2022.03.07-23.43.25:030][  0]LogConfig: Setting CVar [[r.FastBlurThreshold:100]]
[2022.03.07-23.43.25:030][  0]LogConfig: Setting CVar [[r.Upscale.Quality:3]]
[2022.03.07-23.43.25:030][  0]LogConfig: Setting CVar [[r.Tonemapper.GrainQuantization:1]]
[2022.03.07-23.43.25:031][  0]LogConfig: Setting CVar [[r.LightShaftQuality:1]]
[2022.03.07-23.43.25:031][  0]LogConfig: Setting CVar [[r.Filter.SizeScale:1]]
[2022.03.07-23.43.25:031][  0]LogConfig: Setting CVar [[r.Tonemapper.Quality:5]]
[2022.03.07-23.43.25:031][  0]LogConfig: Setting CVar [[r.DOF.Gather.AccumulatorQuality:1        ; higher gathering accumulator quality]]
[2022.03.07-23.43.25:031][  0]LogConfig: Setting CVar [[r.DOF.Gather.PostfilterMethod:1          ; Median3x3 postfilering method]]
[2022.03.07-23.43.25:031][  0]LogConfig: Setting CVar [[r.DOF.Gather.EnableBokehSettings:0       ; no bokeh simulation when gathering]]
[2022.03.07-23.43.25:031][  0]LogConfig: Setting CVar [[r.DOF.Gather.RingCount:4                 ; medium number of samples when gathering]]
[2022.03.07-23.43.25:031][  0]LogConfig: Setting CVar [[r.DOF.Scatter.ForegroundCompositing:1    ; additive foreground scattering]]
[2022.03.07-23.43.25:031][  0]LogConfig: Setting CVar [[r.DOF.Scatter.BackgroundCompositing:2    ; additive background scattering]]
[2022.03.07-23.43.25:031][  0]LogConfig: Setting CVar [[r.DOF.Scatter.EnableBokehSettings:1      ; bokeh simulation when scattering]]
[2022.03.07-23.43.25:031][  0]LogConfig: Setting CVar [[r.DOF.Scatter.MaxSpriteRatio:0.1         ; only a maximum of 10% of scattered bokeh]]
[2022.03.07-23.43.25:031][  0]LogConfig: Setting CVar [[r.DOF.Recombine.Quality:1                ; cheap slight out of focus]]
[2022.03.07-23.43.25:031][  0]LogConfig: Setting CVar [[r.DOF.Recombine.EnableBokehSettings:0    ; no bokeh simulation on slight out of focus]]
[2022.03.07-23.43.25:031][  0]LogConfig: Setting CVar [[r.DOF.TemporalAAQuality:1                ; more stable temporal accumulation]]
[2022.03.07-23.43.25:031][  0]LogConfig: Setting CVar [[r.DOF.Kernel.MaxForegroundRadius:0.025]]
[2022.03.07-23.43.25:031][  0]LogConfig: Setting CVar [[r.DOF.Kernel.MaxBackgroundRadius:0.025]]
[2022.03.07-23.43.25:031][  0]LogConfig: Applying CVar settings from Section [TextureQuality@3] File [C:/Users/jling6/Desktop/CS498_MP2/Saved/Config/Windows/Scalability.ini]
[2022.03.07-23.43.25:031][  0]LogConfig: Setting CVar [[r.Streaming.MipBias:0]]
[2022.03.07-23.43.25:031][  0]LogConfig: Setting CVar [[r.Streaming.AmortizeCPUToGPUCopy:0]]
[2022.03.07-23.43.25:031][  0]LogConfig: Setting CVar [[r.Streaming.MaxNumTexturesToStreamPerFrame:0]]
[2022.03.07-23.43.25:031][  0]LogConfig: Setting CVar [[r.Streaming.Boost:1]]
[2022.03.07-23.43.25:031][  0]LogConfig: Setting CVar [[r.MaxAnisotropy:8]]
[2022.03.07-23.43.25:031][  0]LogConfig: Setting CVar [[r.VT.MaxAnisotropy:8]]
[2022.03.07-23.43.25:031][  0]LogConfig: Setting CVar [[r.Streaming.LimitPoolSizeToVRAM:0]]
[2022.03.07-23.43.25:031][  0]LogConfig: Setting CVar [[r.Streaming.PoolSize:1000]]
[2022.03.07-23.43.25:031][  0]LogConfig: Setting CVar [[r.Streaming.MaxEffectiveScreenSize:0]]
[2022.03.07-23.43.25:031][  0]LogConfig: Applying CVar settings from Section [EffectsQuality@3] File [C:/Users/jling6/Desktop/CS498_MP2/Saved/Config/Windows/Scalability.ini]
[2022.03.07-23.43.25:031][  0]LogConfig: Setting CVar [[r.TranslucencyLightingVolumeDim:64]]
[2022.03.07-23.43.25:031][  0]LogConfig: Setting CVar [[r.RefractionQuality:2]]
[2022.03.07-23.43.25:031][  0]LogConfig: Setting CVar [[r.SSR.Quality:3]]
[2022.03.07-23.43.25:031][  0]LogConfig: Setting CVar [[r.SSR.HalfResSceneColor:0]]
[2022.03.07-23.43.25:031][  0]LogConfig: Setting CVar [[r.SceneColorFormat:4]]
[2022.03.07-23.43.25:031][  0]LogConfig: Setting CVar [[r.DetailMode:2]]
[2022.03.07-23.43.25:031][  0]LogConfig: Setting CVar [[r.TranslucencyVolumeBlur:1]]
[2022.03.07-23.43.25:031][  0]LogConfig: Setting CVar [[r.MaterialQualityLevel:1 ; High quality]]
[2022.03.07-23.43.25:031][  0]LogConfig: Setting CVar [[r.AnisotropicMaterials:1]]
[2022.03.07-23.43.25:031][  0]LogConfig: Setting CVar [[r.SSS.Scale:1]]
[2022.03.07-23.43.25:031][  0]LogConfig: Setting CVar [[r.SSS.SampleSet:2]]
[2022.03.07-23.43.25:031][  0]LogConfig: Setting CVar [[r.SSS.Quality:1]]
[2022.03.07-23.43.25:031][  0]LogConfig: Setting CVar [[r.SSS.HalfRes:0]]
[2022.03.07-23.43.25:031][  0]LogConfig: Setting CVar [[r.SSGI.Quality:3]]
[2022.03.07-23.43.25:031][  0]LogConfig: Setting CVar [[r.EmitterSpawnRateScale:1.0]]
[2022.03.07-23.43.25:031][  0]LogConfig: Setting CVar [[r.ParticleLightQuality:2]]
[2022.03.07-23.43.25:031][  0]LogConfig: Setting CVar [[r.SkyAtmosphere.AerialPerspectiveLUT.FastApplyOnOpaque:1 ; Always have FastSkyLUT 1 in this case to avoid wrong sky]]
[2022.03.07-23.43.25:031][  0]LogConfig: Setting CVar [[r.SkyAtmosphere.AerialPerspectiveLUT.SampleCountMaxPerSlice:4]]
[2022.03.07-23.43.25:031][  0]LogConfig: Setting CVar [[r.SkyAtmosphere.AerialPerspectiveLUT.DepthResolution:16.0]]
[2022.03.07-23.43.25:031][  0]LogConfig: Setting CVar [[r.SkyAtmosphere.FastSkyLUT:1]]
[2022.03.07-23.43.25:031][  0]LogConfig: Setting CVar [[r.SkyAtmosphere.FastSkyLUT.SampleCountMin:4.0]]
[2022.03.07-23.43.25:031][  0]LogConfig: Setting CVar [[r.SkyAtmosphere.FastSkyLUT.SampleCountMax:128.0]]
[2022.03.07-23.43.25:031][  0]LogConfig: Setting CVar [[r.SkyAtmosphere.SampleCountMin:4.0]]
[2022.03.07-23.43.25:031][  0]LogConfig: Setting CVar [[r.SkyAtmosphere.SampleCountMax:128.0]]
[2022.03.07-23.43.25:031][  0]LogConfig: Setting CVar [[r.SkyAtmosphere.TransmittanceLUT.UseSmallFormat:0]]
[2022.03.07-23.43.25:031][  0]LogConfig: Setting CVar [[r.SkyAtmosphere.TransmittanceLUT.SampleCount:10.0]]
[2022.03.07-23.43.25:031][  0]LogConfig: Setting CVar [[r.SkyAtmosphere.MultiScatteringLUT.SampleCount:15.0]]
[2022.03.07-23.43.25:031][  0]LogConfig: Setting CVar [[r.SkyLight.RealTimeReflectionCapture:1]]
[2022.03.07-23.43.25:031][  0]LogConfig: Setting CVar [[fx.Niagara.QualityLevel:3]]
[2022.03.07-23.43.25:031][  0]LogConfig: Applying CVar settings from Section [FoliageQuality@3] File [C:/Users/jling6/Desktop/CS498_MP2/Saved/Config/Windows/Scalability.ini]
[2022.03.07-23.43.25:031][  0]LogConfig: Setting CVar [[foliage.DensityScale:1.0]]
[2022.03.07-23.43.25:031][  0]LogConfig: Setting CVar [[grass.DensityScale:1.0]]
[2022.03.07-23.43.25:031][  0]LogConfig: Applying CVar settings from Section [ShadingQuality@3] File [C:/Users/jling6/Desktop/CS498_MP2/Saved/Config/Windows/Scalability.ini]
[2022.03.07-23.43.25:031][  0]LogConfig: Setting CVar [[r.HairStrands.SkyLighting.IntegrationType:2]]
[2022.03.07-23.43.25:031][  0]LogConfig: Setting CVar [[r.HairStrands.SkyAO.SampleCount:4]]
[2022.03.07-23.43.25:031][  0]LogConfig: Setting CVar [[r.HairStrands.Visibility.MSAA.SamplePerPixel:4]]
[2022.03.07-23.43.25:031][  0]LogConfig: Setting CVar [[r.HairStrands.Interpolation.UseSingleGuide:0]]
[2022.03.07-23.43.25:031][  0]LogConfig: Applying CVar settings from Section [Startup] File [../../../Engine/Config/ConsoleVariables.ini]
[2022.03.07-23.43.25:032][  0]LogConfig: Setting CVar [[net.UseAdaptiveNetUpdateFrequency:0]]
[2022.03.07-23.43.25:032][  0]LogConfig: Setting CVar [[p.chaos.AllowCreatePhysxBodies:1]]
[2022.03.07-23.43.25:032][  0]LogConfig: Setting CVar [[fx.SkipVectorVMBackendOptimizations:1]]
[2022.03.07-23.43.25:032][  0]LogConfig: Applying CVar settings from Section [ConsoleVariables] File [C:/Users/jling6/Desktop/CS498_MP2/Saved/Config/Windows/Engine.ini]
[2022.03.07-23.43.25:032][  0]LogConfig: Applying CVar settings from Section [ConsoleVariables] File [C:/Users/jling6/Desktop/CS498_MP2/Saved/Config/Windows/Editor.ini]
[2022.03.07-23.43.25:032][  0]LogInit: Computer: SIEBL-4107-12
[2022.03.07-23.43.25:032][  0]LogInit: User: jling6
[2022.03.07-23.43.25:032][  0]LogInit: CPU Page size=4096, Cores=4
[2022.03.07-23.43.25:032][  0]LogInit: High frequency timer resolution =10.000000 MHz
[2022.03.07-23.43.25:032][  0]LogMemory: Memory total: Physical=15.7GB (16GB approx)
[2022.03.07-23.43.25:032][  0]LogMemory: Platform Memory Stats for Windows
[2022.03.07-23.43.25:032][  0]LogMemory: Process Physical Memory: 150.05 MB used, 150.06 MB peak
[2022.03.07-23.43.25:032][  0]LogMemory: Process Virtual Memory: 129.70 MB used, 129.70 MB peak
[2022.03.07-23.43.25:032][  0]LogMemory: Physical Memory: 7327.66 MB used,  8775.67 MB free, 16103.34 MB total
[2022.03.07-23.43.25:032][  0]LogMemory: Virtual Memory: 134205280.00 MB used,  12450.56 MB free, 134217728.00 MB total
[2022.03.07-23.43.25:039][  0]LogWindows: WindowsPlatformFeatures enabled
[2022.03.07-23.43.25:075][  0]LogInit: Physics initialised using underlying interface: PhysX
[2022.03.07-23.43.25:076][  0]LogInit: Using OS detected language (en-US).
[2022.03.07-23.43.25:076][  0]LogInit: Using OS detected locale (en-US).
[2022.03.07-23.43.25:083][  0]LogTextLocalizationManager: No specific localization for 'en-US' exists, so the 'en' localization will be used.
[2022.03.07-23.43.25:414][  0]LogInit: Setting process to per monitor DPI aware
[2022.03.07-23.43.25:431][  0]LogWindowsTextInputMethodSystem: Display: IME system deactivated.
[2022.03.07-23.43.25:447][  0]LogSlate: New Slate User Created.  User Index 0, Is Virtual User: 0
[2022.03.07-23.43.25:447][  0]LogSlate: Slate User Registered.  User Index 0, Is Virtual User: 0
[2022.03.07-23.43.25:653][  0]LogD3D11RHI: Loaded GFSDK_Aftermath_Lib.x64.dll
[2022.03.07-23.43.25:679][  0]LogHMD: Optional extension XR_VARJO_quad_views is not available
[2022.03.07-23.43.25:680][  0]LogHMD: Warning: Required extension XR_EXT_hand_tracking is not available
[2022.03.07-23.43.25:680][  0]LogHMD: Could not enable all required OpenXR extensions for OpenXRHandTracking on current system. This plugin will be loaded but ignored, but will be enabled on a target platform that supports the required extension.
[2022.03.07-23.43.25:680][  0]LogHMD: Warning: Required extension XR_EXT_eye_gaze_interaction is not available
[2022.03.07-23.43.25:680][  0]LogHMD: Could not enable all required OpenXR extensions for OpenXREyeTracker on current system. This plugin will be loaded but ignored, but will be enabled on a target platform that supports the required extension.
[2022.03.07-23.43.26:181][  0]LogHMD: Failed to get an OpenXR system, result is XR_ERROR_FORM_FACTOR_UNAVAILABLE. Please check that your runtime supports VR headsets.
[2022.03.07-23.43.26:181][  0]LogD3D11RHI: D3D11 min allowed feature level: 11_0
[2022.03.07-23.43.26:181][  0]LogD3D11RHI: D3D11 max allowed feature level: 11_0
[2022.03.07-23.43.26:181][  0]LogD3D11RHI: D3D11 adapters:
[2022.03.07-23.43.26:282][  0]LogD3D11RHI:    0. 'NVIDIA GeForce RTX 2080 Ti' (Feature Level 11_0)
[2022.03.07-23.43.26:282][  0]LogD3D11RHI:       11049/0/8051 MB DedicatedVideo/DedicatedSystem/SharedSystem, Outputs:2, VendorId:0x10de
[2022.03.07-23.43.26:287][  0]LogD3D11RHI:    1. 'Microsoft Basic Render Driver' (Feature Level 11_0)
[2022.03.07-23.43.26:287][  0]LogD3D11RHI:       0/0/8051 MB DedicatedVideo/DedicatedSystem/SharedSystem, Outputs:0, VendorId:0x1414
[2022.03.07-23.43.26:287][  0]LogD3D11RHI: Chosen D3D11 Adapter:
[2022.03.07-23.43.26:287][  0]LogD3D11RHI:     Description : NVIDIA GeForce RTX 2080 Ti
[2022.03.07-23.43.26:287][  0]LogD3D11RHI:     VendorId    : 10de
[2022.03.07-23.43.26:287][  0]LogD3D11RHI:     DeviceId    : 1e04
[2022.03.07-23.43.26:287][  0]LogD3D11RHI:     SubSysId    : 8550103c
[2022.03.07-23.43.26:287][  0]LogD3D11RHI:     Revision    : 00a1
[2022.03.07-23.43.26:287][  0]LogD3D11RHI:     DedicatedVideoMemory : 11585716224 bytes
[2022.03.07-23.43.26:287][  0]LogD3D11RHI:     DedicatedSystemMemory : 0 bytes
[2022.03.07-23.43.26:287][  0]LogD3D11RHI:     SharedSystemMemory : 8442785792 bytes
[2022.03.07-23.43.26:287][  0]LogD3D11RHI:     AdapterLuid : 0 144535
[2022.03.07-23.43.26:294][  0]LogD3D11RHI: Creating new Direct3DDevice
[2022.03.07-23.43.26:294][  0]LogD3D11RHI:     GPU DeviceId: 0x1e04 (for the marketing name, search the web for "GPU Device Id")
[2022.03.07-23.43.26:294][  0]LogWindows: EnumDisplayDevices:
[2022.03.07-23.43.26:294][  0]LogWindows:    0. 'NVIDIA GeForce RTX 2080 Ti' (P:0 D:1)
[2022.03.07-23.43.26:295][  0]LogWindows:    1. 'NVIDIA GeForce RTX 2080 Ti' (P:1 D:1)
[2022.03.07-23.43.26:295][  0]LogWindows:    2. 'NVIDIA GeForce RTX 2080 Ti' (P:0 D:0)
[2022.03.07-23.43.26:296][  0]LogWindows:    3. 'NVIDIA GeForce RTX 2080 Ti' (P:0 D:0)
[2022.03.07-23.43.26:296][  0]LogWindows: DebugString: FoundDriverCount:4 
[2022.03.07-23.43.26:296][  0]LogD3D11RHI:     Adapter Name: NVIDIA GeForce RTX 2080 Ti
[2022.03.07-23.43.26:296][  0]LogD3D11RHI:   Driver Version: 417.58 (internal:25.21.14.1758, unified:417.58)
[2022.03.07-23.43.26:296][  0]LogD3D11RHI:      Driver Date: 12-28-2018
[2022.03.07-23.43.26:296][  0]LogRHI: Texture pool is 7734 MB (70% of 11049 MB)
[2022.03.07-23.43.26:296][  0]LogD3D11RHI: Creating D3DDevice using adapter:
[2022.03.07-23.43.26:296][  0]LogD3D11RHI:     Description : NVIDIA GeForce RTX 2080 Ti
[2022.03.07-23.43.26:296][  0]LogD3D11RHI:     VendorId    : 10de
[2022.03.07-23.43.26:296][  0]LogD3D11RHI:     DeviceId    : 1e04
[2022.03.07-23.43.26:296][  0]LogD3D11RHI:     SubSysId    : 8550103c
[2022.03.07-23.43.26:296][  0]LogD3D11RHI:     Revision    : 00a1
[2022.03.07-23.43.26:296][  0]LogD3D11RHI:     DedicatedVideoMemory : 11585716224 bytes
[2022.03.07-23.43.26:296][  0]LogD3D11RHI:     DedicatedSystemMemory : 0 bytes
[2022.03.07-23.43.26:296][  0]LogD3D11RHI:     SharedSystemMemory : 8442785792 bytes
[2022.03.07-23.43.26:296][  0]LogD3D11RHI:     AdapterLuid : 0 144535
[2022.03.07-23.43.26:364][  0]LogD3D11RHI: RHI has support for 64 bit atomics
[2022.03.07-23.43.26:364][  0]LogD3D11RHI: Async texture creation enabled
[2022.03.07-23.43.26:364][  0]LogD3D11RHI: Array index from any shader is supported
[2022.03.07-23.43.26:385][  0]LogD3D11RHI: GPU Timing Frequency: 1000.000000 (Debug: 2 2)
[2022.03.07-23.43.26:446][  0]LogRHI: GeForceNow SDK initialized: 1
[2022.03.07-23.43.26:979][  0]LogTargetPlatformManager: Display: Loaded TargetPlatform 'AllDesktop'
[2022.03.07-23.43.27:003][  0]LogTargetPlatformManager: Display: Loaded TargetPlatform 'Android'
[2022.03.07-23.43.27:003][  0]LogTargetPlatformManager: Display: Loaded TargetPlatform 'Android_ASTC'
[2022.03.07-23.43.27:003][  0]LogTargetPlatformManager: Display: Loaded TargetPlatform 'Android_DXT'
[2022.03.07-23.43.27:003][  0]LogTargetPlatformManager: Display: Loaded TargetPlatform 'Android_ETC2'
[2022.03.07-23.43.27:003][  0]LogTargetPlatformManager: Display: Loaded TargetPlatform 'AndroidClient'
[2022.03.07-23.43.27:003][  0]LogTargetPlatformManager: Display: Loaded TargetPlatform 'Android_ASTCClient'
[2022.03.07-23.43.27:004][  0]LogTargetPlatformManager: Display: Loaded TargetPlatform 'Android_DXTClient'
[2022.03.07-23.43.27:004][  0]LogTargetPlatformManager: Display: Loaded TargetPlatform 'Android_ETC2Client'
[2022.03.07-23.43.27:004][  0]LogTargetPlatformManager: Display: Loaded TargetPlatform 'Android_Multi'
[2022.03.07-23.43.27:004][  0]LogTargetPlatformManager: Display: Loaded TargetPlatform 'Android_MultiClient'
[2022.03.07-23.43.27:026][  0]LogTargetPlatformManager: Display: Loaded TargetPlatform 'IOSClient'
[2022.03.07-23.43.27:026][  0]LogTargetPlatformManager: Display: Loaded TargetPlatform 'IOS'
[2022.03.07-23.43.27:037][  0]LogTargetPlatformManager: Display: Loaded TargetPlatform 'Linux'
[2022.03.07-23.43.27:042][  0]LogTargetPlatformManager: Display: Loaded TargetPlatform 'LinuxNoEditor'
[2022.03.07-23.43.27:048][  0]LogTargetPlatformManager: Display: Loaded TargetPlatform 'LinuxClient'
[2022.03.07-23.43.27:056][  0]LogTargetPlatformManager: Display: Loaded TargetPlatform 'LinuxServer'
[2022.03.07-23.43.27:068][  0]LogTargetPlatformManager: Display: Loaded TargetPlatform 'LinuxAArch64NoEditor'
[2022.03.07-23.43.27:073][  0]LogTargetPlatformManager: Display: Loaded TargetPlatform 'LinuxAArch64Client'
[2022.03.07-23.43.27:078][  0]LogTargetPlatformManager: Display: Loaded TargetPlatform 'LinuxAArch64Server'
[2022.03.07-23.43.27:106][  0]LogTargetPlatformManager: Display: Loaded TargetPlatform 'Lumin'
[2022.03.07-23.43.27:106][  0]LogTargetPlatformManager: Display: Loaded TargetPlatform 'LuminClient'
[2022.03.07-23.43.27:116][  0]LogTargetPlatformManager: Display: Loaded TargetPlatform 'MacNoEditor'
[2022.03.07-23.43.27:121][  0]LogTargetPlatformManager: Display: Loaded TargetPlatform 'Mac'
[2022.03.07-23.43.27:127][  0]LogTargetPlatformManager: Display: Loaded TargetPlatform 'MacClient'
[2022.03.07-23.43.27:132][  0]LogTargetPlatformManager: Display: Loaded TargetPlatform 'MacServer'
[2022.03.07-23.43.27:142][  0]LogTargetPlatformManager: Display: Loaded TargetPlatform 'TVOSClient'
[2022.03.07-23.43.27:143][  0]LogTargetPlatformManager: Display: Loaded TargetPlatform 'TVOS'
[2022.03.07-23.43.27:153][  0]LogTargetPlatformManager: Display: Loaded TargetPlatform 'WindowsNoEditor'
[2022.03.07-23.43.27:159][  0]LogTargetPlatformManager: Display: Loaded TargetPlatform 'Windows'
[2022.03.07-23.43.27:164][  0]LogTargetPlatformManager: Display: Loaded TargetPlatform 'WindowsClient'
[2022.03.07-23.43.27:170][  0]LogTargetPlatformManager: Display: Loaded TargetPlatform 'WindowsServer'
[2022.03.07-23.43.27:170][  0]LogTargetPlatformManager: Display: Building Assets For Windows
[2022.03.07-23.43.27:180][  0]LogAudioDebug: Display: Lib vorbis DLL was dynamically loaded.
[2022.03.07-23.43.27:231][  0]LogTextureFormatOodle: Display: Oodle Texture 2.9.0 init RDO Off
[2022.03.07-23.43.27:278][  0]LogRendererCore: Ray tracing is disabled. Reason: r.RayTracing=0.
[2022.03.07-23.43.27:278][  0]LogShaderCompilers: Guid format shader working directory is -2 characters bigger than the processId version (../../../../../../Users/jling6/Desktop/CS498_MP2/Intermediate/Shaders/WorkingDirectory/10816/).
[2022.03.07-23.43.27:279][  0]LogShaderCompilers: Cleaned the shader compiler working directory 'C:/Users/jling6/AppData/Local/Temp/UnrealShaderWorkingDir/CBA91ED947F2AF4F252F21A948063ED3/'.
[2022.03.07-23.43.27:279][  0]LogXGEController: Cannot use XGE Controller as Incredibuild is not installed on this machine.
[2022.03.07-23.43.27:279][  0]LogShaderCompilers: Cannot use XGE Shader Compiler as Incredibuild is not installed on this machine.
[2022.03.07-23.43.27:279][  0]LogShaderCompilers: Display: Using Local Shader Compiler.
[2022.03.07-23.43.28:186][  0]LogDerivedDataCache: Display: Max Cache Size: 512 MB
[2022.03.07-23.43.28:295][  0]LogDerivedDataCache: Loaded boot cache 0.11s 94MB C:/Users/jling6/AppData/Local/UnrealEngine/4.27/DerivedDataCache/Boot.ddc.
[2022.03.07-23.43.28:295][  0]LogDerivedDataCache: Display: Loaded Boot cache: C:/Users/jling6/AppData/Local/UnrealEngine/4.27/DerivedDataCache/Boot.ddc
[2022.03.07-23.43.28:295][  0]LogDerivedDataCache: FDerivedDataBackendGraph:  Pak pak cache file ../../../../../../Users/jling6/Desktop/CS498_MP2/DerivedDataCache/DDC.ddp not found, will not use a pak cache.
[2022.03.07-23.43.28:295][  0]LogDerivedDataCache: Unable to find inner node Pak for hierarchical cache Hierarchy.
[2022.03.07-23.43.28:296][  0]LogDerivedDataCache: FDerivedDataBackendGraph:  CompressedPak pak cache file ../../../../../../Users/jling6/Desktop/CS498_MP2/DerivedDataCache/Compressed.ddp not found, will not use a pak cache.
[2022.03.07-23.43.28:296][  0]LogDerivedDataCache: Unable to find inner node CompressedPak for hierarchical cache Hierarchy.
[2022.03.07-23.43.28:312][  0]LogDerivedDataCache: Display: Pak cache opened for reading ../../../Engine/DerivedDataCache/Compressed.ddp.
[2022.03.07-23.43.28:313][  0]LogDerivedDataCache: FDerivedDataBackendGraph:  EnterprisePak pak cache file ../../../Enterprise/DerivedDataCache/Compressed.ddp not found, will not use a pak cache.
[2022.03.07-23.43.28:313][  0]LogDerivedDataCache: Unable to find inner node EnterprisePak for hierarchical cache Hierarchy.
[2022.03.07-23.43.28:331][  0]LogDerivedDataCache: Speed tests for C:/Users/jling6/AppData/Local/UnrealEngine/Common/DerivedDataCache took 0.02 seconds
[2022.03.07-23.43.28:332][  0]LogDerivedDataCache: Display: Performance to C:/Users/jling6/AppData/Local/UnrealEngine/Common/DerivedDataCache: Latency=0.19ms. RandomReadSpeed=208.90MBs, RandomWriteSpeed=77.57MBs. Assigned SpeedClass 'Local'
[2022.03.07-23.43.28:332][  0]LogDerivedDataCache: Using Local data cache path C:/Users/jling6/AppData/Local/UnrealEngine/Common/DerivedDataCache: Writable
[2022.03.07-23.43.28:332][  0]LogDerivedDataCache: Shared data cache path not found in *engine.ini, will not use an Shared cache.
[2022.03.07-23.43.28:332][  0]LogDerivedDataCache: Unable to find inner node Shared for hierarchical cache Hierarchy.
[2022.03.07-23.43.28:394][  0]LogSlate: Using FreeType 2.10.0
[2022.03.07-23.43.28:395][  0]LogSlate: SlateFontServices - WITH_FREETYPE: 1, WITH_HARFBUZZ: 1
[2022.03.07-23.43.28:896][  0]LogHMD: Failed to get an OpenXR system, result is XR_ERROR_FORM_FACTOR_UNAVAILABLE. Please check that your runtime supports VR headsets.
[2022.03.07-23.43.28:928][  0]LogAssetRegistry: FAssetRegistry took 0.0032 seconds to start up
[2022.03.07-23.43.29:249][  0]LogInit: Selected Device Profile: [Windows]
[2022.03.07-23.43.29:249][  0]LogInit: Active device profile: [000002BA9A1FB300][000002BA9945A540 49] Windows
[2022.03.07-23.43.29:249][  0]LogInit: Profiles: [000002BA9A1FB300][000002BA9945A540 49] Windows, [000002BA9A1B0F00][000002BA9945E6C0 49] WindowsNoEditor, [000002BA9A1F8F00][000002BA99462840 49] WindowsServer, [000002BA9A1B2A00][000002BA994669C0 49] WindowsClient, [000002BA9A1FA900][000002BA99990B40 49] IOS, [000002BA9A1B1900][000002BA99994CC0 49] iPadAir, [000002BA9A1F9800][000002BA99998E40 49] iPadAir2, [000002BA9A16B800][000002BA999A1100 49] IPadPro, [000002BA9A16B900][000002BA9999D140 49] iPadAir3, [000002BA9A1FA200][000002BA999A52C0 49] iPadAir4, [000002BA9A169400][000002BA999A9440 49] iPadMini2, [000002BA9A1FBC00][000002BA999AD5C0 49] iPadMini3, [000002BA9A16A400][000002BA999B1740 49] iPadMini4, [000002BA9A1F9100][000002BA999B58C0 49] iPadMini5, [000002BA9A19F100][000002BA999BDB80 49] iPhone6, [000002BA9A19F200][000002BA999B9BC0 49] iPodTouch6, [000002BA9A168600][000002BA994562C0 49] iPhone7, [000002BA9A168400][000002BA999C0300 49] iPodTouch7, [000002BA9A19D300][000002BA999C4440 49] iPhone5S, [000002BA9A168D00][000002BA999C8580 49] iPhone6Plus, [000002BA9A19E500][000002BA999D0700 49] iPhone6S, [000002BA9A16BF00][000002BA999D4880 49] iPhone6SPlus, [000002BA9A19FA00][000002BA999D8A00 49] iPhone7Plus, [000002BA9A169900][000002BA999DCB80 49] iPhoneSE, [000002BA9A19C900][000002BA999E0D00 49] iPhone8, [000002BA9A16A800][000002BA999E4E80 49] iPhone8Plus, [000002BA9A19E300][000002BA999E9000 49] iPhoneX, [000002BA9A16B500][000002BA999ED180 49] iPhoneXS, [000002BA9A19FB00][000002BA999F1300 49] iPhoneXSMax, [000002BA9A16B400][000002BA999F5480 49] iPhoneXR, [000002BA9A19F700][000002BA999F9600 49] iPhone11, [000002BA9A16B000][000002BA999FD780 49] iPhone11Pro, [000002BA9A19DE00][000002BA99A01900 49] iPhone11ProMax, [000002BA9A168200][000002BA99A05A80 49] iPhoneSE2, [000002BA9A19D100][000002BA99A09C00 49] iPhone12Mini, [000002BA9A168E00][000002BA99A0C200 49] iPhone12, [000002BA9A19F900][000002BA99A10380 49] iPhone12Pro, [000002BA9A168800][000002BA999CC4C0 49] iPhone12ProMax, [000002BA9A19CC00][000002BA99A14600 49] iPadPro105, [000002BA9A16BB00][000002BA99A18740 49] iPadPro129, [000002BA9A19FC00][000002BA99A208C0 49] iPadPro97, [000002BA9A16A500][000002BA99A24A40 49] iPadPro2_129, [000002BA9A19EC00][000002BA99A28BC0 49] iPad5, [000002BA9A16B700][000002BA99A2CD40 49] iPad6, [000002BA9A19E400][000002BA99A30EC0 49] iPad7, [000002BA9A169C00][000002BA99A35040 49] iPad8, [000002BA9A19DA00][000002BA99A391C0 49] iPadPro11, [000002BA9A168700][000002BA99A3D340 49] iPadPro2_11, [000002BA9A19ED00][000002BA9AA514C0 49] iPadPro3_129, [000002BA9A16AD00][000002BA9AA55640 49] iPadPro4_129, [000002BA9A19CE00][000002BA9AA597C0 49] AppleTV, [000002BA9A16AF00][000002BA9AA5D940 49] AppleTV4K, [000002BA9A19EF00][000002BA9AA61AC0 49] TVOS, [000002BA9A169300][000002BA9AA640C0 49] Mac, [000002BA9A19DD00][000002BA9AA68240 49] MacClient, [000002BA9A16B100][000002BA9AA6C3C0 49] MacNoEditor, [000002BA9A19FD00][000002BA9AA70540 49] MacServer, [000002BA9A16A900][000002BA99A1C680 49] Linux, [000002BA9A19CB00][000002BA9AA747C0 49] LinuxAArch64, [000002BA9A16AE00][000002BA9AA78900 49] LinuxNoEditor, [000002BA9A1B2500][000002BA9AA7CA40 49] LinuxAArch64NoEditor, [000002BA9A24A100][000002BA9AA84BC0 49] LinuxClient, [000002BA9A1B1A00][000002BA9AA88D40 49] LinuxAArch64Client, [000002BA9A249B00][000002BA9AA8CEC0 49] LinuxServer, [000002BA9A1B2C00][000002BA9AA91040 49] LinuxAArch64Server, [000002BA9A248300][000002BA9AA951C0 49] Android, [000002BA9A1B3500][000002BA9AA99340 49] Android_Low, [000002BA9A249C00][000002BA9AA9D4C0 49] Android_Mid, [000002BA9A1B1300][000002BA9AAED640 49] Android_High, [000002BA9A248A00][000002BA9AAF17C0 49] Android_Default, [000002BA9A1B3200][000002BA9AAF5940 49] Android_Adreno4xx, [000002BA9A249800][000002BA9AAF9AC0 49] Android_Adreno5xx_Low, [000002BA9A1B2800][000002BA9AAFC0C0 49] Android_Adreno5xx, [000002BA9A249F00][000002BA9AB00240 49] Android_Adreno6xx, [000002BA9A1B0B00][000002BA9AB043C0 49] Android_Adreno6xx_Vulkan, [000002BA9A24A400][000002BA9AB08540 49] Android_Mali_T6xx, [000002BA9A1B2E00][000002BA9AB0C6C0 49] Android_Mali_T7xx, [000002BA9A249D00][000002BA9AA80800 49] Android_Mali_T8xx, [000002BA9A1B1800][000002BA9AB10940 49] Android_Mali_G71, [000002BA9A24A800][000002BA9AB14A80 49] Android_Mali_G72, [000002BA9A168A00][000002BA9AB18BC0 49] Android_Mali_G72_Vulkan, [000002BA9A19D600][000002BA9AB20D40 49] Android_Mali_G76, [000002BA9A169200][000002BA9AB24EC0 49] Android_Mali_G76_Vulkan, [000002BA9A19E900][000002BA9AB29040 49] Android_Mali_G77, [000002BA9A16BA00][000002BA9AB2D1C0 49] Android_Mali_G77_Vulkan, [000002BA9A19C400][000002BA9AB31340 49] Android_Mali_G78, [000002BA9A169B00][000002BA9AB354C0 49] Android_Mali_G78_Vulkan, [000002BA9A249900][000002BA9AB39640 49] Android_Mali_G710, [000002BA9A16B600][000002BA9AB3D7C0 49] Android_Mali_G710_Vulkan, [000002BA9A248D00][000002BA9AB41940 49] Android_Vulkan_SM5, [000002BA9A169D00][000002BA9AB45AC0 49] Android_PowerVR_G6xxx, [000002BA9A24A300][000002BA9AB480C0 49] Android_PowerVR_GT7xxx, [000002BA9A16B200][000002BA9AB4C240 49] Android_PowerVR_GE8xxx, [000002BA9A248500][000002BA9AB503C0 49] Android_PowerVR_GM9xxx, [000002BA9A16BD00][000002BA9AB54540 49] Android_PowerVR_GM9xxx_Vulkan, [000002BA9A248600][000002BA9AB586C0 49] Android_TegraK1, [000002BA9A168F00][000002BA9AB5C840 49] Android_Unknown_Vulkan, [000002BA9A249600][000002BA9AB609C0 49] Lumin, [000002BA9A168100][000002BA9AB1CB00 49] Lumin_Desktop, [000002BA9A24A200][000002BA9AB64C40 49] HoloLens, 
[2022.03.07-23.43.29:385][  0]LogMaterial: Display: Missing cached shadermap for WorldGridMaterial in PCD3D_SM5, Default, SM5 (DDC key hash: A9928CB8D25C758F1A4E7385545B10D67B41999E), compiling. Is special engine material.
[2022.03.07-23.43.30:782][  0]LogShaderCompilers: Display: Submitted 1234 shader compile jobs with 'High' priority
[2022.03.07-23.43.31:342][  0]LogShaderCompilers: Display: Worker (1/5): shaders left to compile 1234
[2022.03.07-23.43.31:342][  0]LogShaderCompilers: Display: Worker (2/5): shaders left to compile 1224
[2022.03.07-23.43.31:342][  0]LogShaderCompilers: Display: Worker (3/5): shaders left to compile 1214
[2022.03.07-23.43.31:342][  0]LogShaderCompilers: Display: Worker (4/5): shaders left to compile 1204
[2022.03.07-23.43.31:342][  0]LogShaderCompilers: Display: Worker (5/5): shaders left to compile 1194
[2022.03.07-23.43.31:342][  0]LogShaderCompilers: Display: Started 50 'Local' shader compile jobs with 'High' priority
[2022.03.07-23.43.34:699][  0]LogShaderCompilers: Display: Worker (5/5): shaders left to compile 1184
[2022.03.07-23.43.34:699][  0]LogShaderCompilers: Display: Started 10 'Local' shader compile jobs with 'High' priority
[2022.03.07-23.43.34:699][  0]LogShaderCompilers: Display: Worker (1/5): shaders left to compile 1174
[2022.03.07-23.43.34:699][  0]LogShaderCompilers: Display: Started 10 'Local' shader compile jobs with 'High' priority
[2022.03.07-23.43.34:699][  0]LogShaderCompilers: Display: Worker (3/5): shaders left to compile 1164
[2022.03.07-23.43.34:699][  0]LogShaderCompilers: Display: Started 10 'Local' shader compile jobs with 'High' priority
[2022.03.07-23.43.35:260][  0]LogShaderCompilers: Display: Worker (4/5): shaders left to compile 1154
[2022.03.07-23.43.35:260][  0]LogShaderCompilers: Display: Started 10 'Local' shader compile jobs with 'High' priority
[2022.03.07-23.43.35:260][  0]LogShaderCompilers: Display: Worker (2/5): shaders left to compile 1144
[2022.03.07-23.43.35:260][  0]LogShaderCompilers: Display: Started 10 'Local' shader compile jobs with 'High' priority
[2022.03.07-23.43.38:059][  0]LogShaderCompilers: Display: Worker (1/5): shaders left to compile 1134
[2022.03.07-23.43.38:059][  0]LogShaderCompilers: Display: Started 10 'Local' shader compile jobs with 'High' priority
[2022.03.07-23.43.38:618][  0]LogShaderCompilers: Display: Worker (2/5): shaders left to compile 1124
[2022.03.07-23.43.38:618][  0]LogShaderCompilers: Display: Started 10 'Local' shader compile jobs with 'High' priority
[2022.03.07-23.43.38:618][  0]LogShaderCompilers: Display: Worker (3/5): shaders left to compile 1114
[2022.03.07-23.43.38:618][  0]LogShaderCompilers: Display: Started 10 'Local' shader compile jobs with 'High' priority
[2022.03.07-23.43.38:618][  0]LogShaderCompilers: Display: Worker (5/5): shaders left to compile 1104
[2022.03.07-23.43.38:618][  0]LogShaderCompilers: Display: Started 10 'Local' shader compile jobs with 'High' priority
[2022.03.07-23.43.38:618][  0]LogShaderCompilers: Display: Worker (4/5): shaders left to compile 1094
[2022.03.07-23.43.38:618][  0]LogShaderCompilers: Display: Started 10 'Local' shader compile jobs with 'High' priority
[2022.03.07-23.43.40:861][  0]LogShaderCompilers: Display: Worker (2/5): shaders left to compile 1084
[2022.03.07-23.43.40:861][  0]LogShaderCompilers: Display: Started 10 'Local' shader compile jobs with 'High' priority
[2022.03.07-23.43.40:861][  0]LogShaderCompilers: Display: Worker (4/5): shaders left to compile 1074
[2022.03.07-23.43.40:861][  0]LogShaderCompilers: Display: Started 10 'Local' shader compile jobs with 'High' priority
[2022.03.07-23.43.41:981][  0]LogShaderCompilers: Display: Worker (5/5): shaders left to compile 1064
[2022.03.07-23.43.41:981][  0]LogShaderCompilers: Display: Started 10 'Local' shader compile jobs with 'High' priority
[2022.03.07-23.43.41:981][  0]LogShaderCompilers: Display: Worker (1/5): shaders left to compile 1054
[2022.03.07-23.43.41:981][  0]LogShaderCompilers: Display: Started 10 'Local' shader compile jobs with 'High' priority
[2022.03.07-23.43.41:981][  0]LogShaderCompilers: Display: Worker (3/5): shaders left to compile 1044
[2022.03.07-23.43.41:981][  0]LogShaderCompilers: Display: Started 10 'Local' shader compile jobs with 'High' priority
[2022.03.07-23.43.44:895][  0]LogShaderCompilers: Display: Worker (4/5): shaders left to compile 1034
[2022.03.07-23.43.44:895][  0]LogShaderCompilers: Display: Started 10 'Local' shader compile jobs with 'High' priority
[2022.03.07-23.43.47:137][  0]LogShaderCompilers: Display: Worker (3/5): shaders left to compile 1024
[2022.03.07-23.43.47:137][  0]LogShaderCompilers: Display: Started 10 'Local' shader compile jobs with 'High' priority
[2022.03.07-23.43.47:697][  0]LogShaderCompilers: Display: Worker (2/5): shaders left to compile 1014
[2022.03.07-23.43.47:697][  0]LogShaderCompilers: Display: Started 10 'Local' shader compile jobs with 'High' priority
[2022.03.07-23.43.47:697][  0]LogShaderCompilers: Display: Worker (5/5): shaders left to compile 1004
[2022.03.07-23.43.47:697][  0]LogShaderCompilers: Display: Started 10 'Local' shader compile jobs with 'High' priority
[2022.03.07-23.43.48:256][  0]LogShaderCompilers: Display: Worker (1/5): shaders left to compile 994
[2022.03.07-23.43.48:256][  0]LogShaderCompilers: Display: Started 10 'Local' shader compile jobs with 'High' priority
[2022.03.07-23.43.49:938][  0]LogShaderCompilers: Display: Worker (4/5): shaders left to compile 984
[2022.03.07-23.43.49:938][  0]LogShaderCompilers: Display: Started 10 'Local' shader compile jobs with 'High' priority
[2022.03.07-23.43.51:616][  0]LogShaderCompilers: Display: Worker (5/5): shaders left to compile 974
[2022.03.07-23.43.51:616][  0]LogShaderCompilers: Display: Started 10 'Local' shader compile jobs with 'High' priority
[2022.03.07-23.43.51:616][  0]LogShaderCompilers: Display: Worker (3/5): shaders left to compile 964
[2022.03.07-23.43.51:616][  0]LogShaderCompilers: Display: Started 10 'Local' shader compile jobs with 'High' priority
[2022.03.07-23.43.52:176][  0]LogShaderCompilers: Display: Worker (2/5): shaders left to compile 954
[2022.03.07-23.43.52:176][  0]LogShaderCompilers: Display: Started 10 'Local' shader compile jobs with 'High' priority
[2022.03.07-23.43.53:295][  0]LogShaderCompilers: Display: Worker (1/5): shaders left to compile 944
[2022.03.07-23.43.53:295][  0]LogShaderCompilers: Display: Started 10 'Local' shader compile jobs with 'High' priority
